<?xml version="1.0" encoding="UTF-8"?>
<testng-results skipped="0" failed="0" ignored="0" total="4" passed="4">
  <reporter-output>
  </reporter-output>
  <suite name="Suite" duration-ms="7995" started-at="2018-03-27T09:56:26Z" finished-at="2018-03-27T09:56:34Z">
    <groups>
    </groups>
    <test name="Test" duration-ms="7995" started-at="2018-03-27T09:56:26Z" finished-at="2018-03-27T09:56:34Z">
      <class name="DogTest.apitest">
        <test-method status="PASS" signature="ListAllBreeds()[pri:0, instance:DogTest.apitest@18be83e4]" name="ListAllBreeds" duration-ms="2673" started-at="2018-03-27T09:56:26Z" finished-at="2018-03-27T09:56:29Z">
          <reporter-output>
          </reporter-output>
        </test-method> <!-- ListAllBreeds -->
        <test-method status="PASS" signature="ListAllSubBreeds()[pri:0, instance:DogTest.apitest@18be83e4]" name="ListAllSubBreeds" duration-ms="1225" started-at="2018-03-27T09:56:29Z" finished-at="2018-03-27T09:56:30Z">
          <reporter-output>
          </reporter-output>
        </test-method> <!-- ListAllSubBreeds -->
        <test-method status="PASS" signature="ListBreedImages()[pri:0, instance:DogTest.apitest@18be83e4]" name="ListBreedImages" duration-ms="1514" started-at="2018-03-27T09:56:30Z" finished-at="2018-03-27T09:56:32Z">
          <reporter-output>
          </reporter-output>
        </test-method> <!-- ListBreedImages -->
        <test-method status="PASS" signature="RandomBreedImage()[pri:0, instance:DogTest.apitest@18be83e4]" name="RandomBreedImage" duration-ms="2562" started-at="2018-03-27T09:56:32Z" finished-at="2018-03-27T09:56:34Z">
          <reporter-output>
          </reporter-output>
        </test-method> <!-- RandomBreedImage -->
      </class> <!-- DogTest.apitest -->
    </test> <!-- Test -->
  </suite> <!-- Suite -->
</testng-results>
